c:\users\andrei c\source\repos\chartvisualiser\chartvisualiser\x64\debug\vc143.pdb
c:\users\andrei c\source\repos\chartvisualiser\chartvisualiser\x64\debug\vc143.idb
c:\users\andrei c\source\repos\chartvisualiser\chartvisualiser\x64\debug\stackedview.obj
c:\users\andrei c\source\repos\chartvisualiser\chartvisualiser\x64\debug\functiondetailspage.obj
c:\users\andrei c\source\repos\chartvisualiser\chartvisualiser\x64\debug\sfhelper.obj
c:\users\andrei c\source\repos\chartvisualiser\chartvisualiser\x64\debug\previewmodeui.obj
c:\users\andrei c\source\repos\chartvisualiser\chartvisualiser\x64\debug\pointnavigator.obj
c:\users\andrei c\source\repos\chartvisualiser\chartvisualiser\x64\debug\optiontab.obj
c:\users\andrei c\source\repos\chartvisualiser\chartvisualiser\x64\debug\mouse.obj
c:\users\andrei c\source\repos\chartvisualiser\chartvisualiser\x64\debug\mainlayout.obj
c:\users\andrei c\source\repos\chartvisualiser\chartvisualiser\x64\debug\keyboard.obj
c:\users\andrei c\source\repos\chartvisualiser\chartvisualiser\x64\debug\helppage.obj
c:\users\andrei c\source\repos\chartvisualiser\chartvisualiser\x64\debug\guicommon.obj
c:\users\andrei c\source\repos\chartvisualiser\chartvisualiser\x64\debug\functionview.obj
c:\users\andrei c\source\repos\chartvisualiser\chartvisualiser\x64\debug\functionmanagerpage.obj
c:\users\andrei c\source\repos\chartvisualiser\chartvisualiser\x64\debug\chartview.obj
c:\users\andrei c\source\repos\chartvisualiser\chartvisualiser\x64\debug\chartlogic.obj
c:\users\andrei c\source\repos\chartvisualiser\chartvisualiser\x64\debug\chartdrawing.obj
c:\users\andrei c\source\repos\chartvisualiser\chartvisualiser\x64\debug\chartbackground.obj
c:\users\andrei c\source\repos\chartvisualiser\chartvisualiser\x64\debug\chart.obj
c:\users\andrei c\source\repos\chartvisualiser\chartvisualiser\x64\debug\button.obj
c:\users\andrei c\source\repos\chartvisualiser\chartvisualiser\x64\debug\functionprocessor.obj
c:\users\andrei c\source\repos\chartvisualiser\chartvisualiser\x64\debug\validation.obj
c:\users\andrei c\source\repos\chartvisualiser\chartvisualiser\x64\debug\tools.obj
c:\users\andrei c\source\repos\chartvisualiser\chartvisualiser\x64\debug\randomfunction.obj
c:\users\andrei c\source\repos\chartvisualiser\chartvisualiser\x64\debug\palette.obj
c:\users\andrei c\source\repos\chartvisualiser\chartvisualiser\x64\debug\operations.obj
c:\users\andrei c\source\repos\chartvisualiser\chartvisualiser\x64\debug\main.obj
c:\users\andrei c\source\repos\chartvisualiser\chartvisualiser\x64\debug\textedit.obj
c:\users\andrei c\source\repos\chartvisualiser\chartvisualiser\x64\debug\tinyfiledialogs.obj
c:\users\andrei c\source\repos\chartvisualiser\chartvisualiser\x64\debug\mathconcepts.obj
c:\users\andrei c\source\repos\chartvisualiser\chartvisualiser\x64\debug\optionbarlogic.obj
c:\users\andrei c\source\repos\chartvisualiser\x64\debug\chartvisualiser.exe
c:\users\andrei c\source\repos\chartvisualiser\x64\debug\chartvisualiser.pdb
c:\users\andrei c\source\repos\chartvisualiser\chartvisualiser\x64\debug\chartvisualiser.ilk
c:\users\andrei c\source\repos\chartvisualiser\chartvisualiser\x64\debug\chartvisualiser.tlog\cl.command.1.tlog
c:\users\andrei c\source\repos\chartvisualiser\chartvisualiser\x64\debug\chartvisualiser.tlog\cl.items.tlog
c:\users\andrei c\source\repos\chartvisualiser\chartvisualiser\x64\debug\chartvisualiser.tlog\cl.read.1.tlog
c:\users\andrei c\source\repos\chartvisualiser\chartvisualiser\x64\debug\chartvisualiser.tlog\cl.write.1.tlog
c:\users\andrei c\source\repos\chartvisualiser\chartvisualiser\x64\debug\chartvisualiser.tlog\link.command.1.tlog
c:\users\andrei c\source\repos\chartvisualiser\chartvisualiser\x64\debug\chartvisualiser.tlog\link.read.1.tlog
c:\users\andrei c\source\repos\chartvisualiser\chartvisualiser\x64\debug\chartvisualiser.tlog\link.secondary.1.tlog
c:\users\andrei c\source\repos\chartvisualiser\chartvisualiser\x64\debug\chartvisualiser.tlog\link.write.1.tlog
