  ChartDrawing.cpp
C:\Users\Andrei C\source\repos\ChartVisualiser\ChartVisualiser\GUI\ChartDrawing.cpp(18,29): warning C4244: '=': conversion from 'double' to 'float', possible loss of data
C:\Users\Andrei C\source\repos\ChartVisualiser\ChartVisualiser\GUI\ChartDrawing.cpp(19,31): warning C4244: '=': conversion from 'double' to 'float', possible loss of data
C:\Users\Andrei C\source\repos\ChartVisualiser\ChartVisualiser\GUI\ChartDrawing.cpp(33,56): warning C4244: '=': conversion from 'int' to 'float', possible loss of data
C:\Users\Andrei C\source\repos\ChartVisualiser\ChartVisualiser\GUI\ChartDrawing.cpp(36,54): warning C4244: 'argument': conversion from 'T' to 'T', possible loss of data
C:\Users\Andrei C\source\repos\ChartVisualiser\ChartVisualiser\GUI\ChartDrawing.cpp(36,54): warning C4244:         with
C:\Users\Andrei C\source\repos\ChartVisualiser\ChartVisualiser\GUI\ChartDrawing.cpp(36,54): warning C4244:         [
C:\Users\Andrei C\source\repos\ChartVisualiser\ChartVisualiser\GUI\ChartDrawing.cpp(36,54): warning C4244:             T=int
C:\Users\Andrei C\source\repos\ChartVisualiser\ChartVisualiser\GUI\ChartDrawing.cpp(36,54): warning C4244:         ]
C:\Users\Andrei C\source\repos\ChartVisualiser\ChartVisualiser\GUI\ChartDrawing.cpp(36,54): warning C4244:         and
C:\Users\Andrei C\source\repos\ChartVisualiser\ChartVisualiser\GUI\ChartDrawing.cpp(36,54): warning C4244:         [
C:\Users\Andrei C\source\repos\ChartVisualiser\ChartVisualiser\GUI\ChartDrawing.cpp(36,54): warning C4244:             T=float
C:\Users\Andrei C\source\repos\ChartVisualiser\ChartVisualiser\GUI\ChartDrawing.cpp(36,54): warning C4244:         ]
C:\Users\Andrei C\source\repos\ChartVisualiser\ChartVisualiser\GUI\ChartDrawing.cpp(37,66): warning C4244: 'argument': conversion from 'T' to 'T', possible loss of data
C:\Users\Andrei C\source\repos\ChartVisualiser\ChartVisualiser\GUI\ChartDrawing.cpp(37,66): warning C4244:         with
C:\Users\Andrei C\source\repos\ChartVisualiser\ChartVisualiser\GUI\ChartDrawing.cpp(37,66): warning C4244:         [
C:\Users\Andrei C\source\repos\ChartVisualiser\ChartVisualiser\GUI\ChartDrawing.cpp(37,66): warning C4244:             T=int
C:\Users\Andrei C\source\repos\ChartVisualiser\ChartVisualiser\GUI\ChartDrawing.cpp(37,66): warning C4244:         ]
C:\Users\Andrei C\source\repos\ChartVisualiser\ChartVisualiser\GUI\ChartDrawing.cpp(37,66): warning C4244:         and
C:\Users\Andrei C\source\repos\ChartVisualiser\ChartVisualiser\GUI\ChartDrawing.cpp(37,66): warning C4244:         [
C:\Users\Andrei C\source\repos\ChartVisualiser\ChartVisualiser\GUI\ChartDrawing.cpp(37,66): warning C4244:             T=float
C:\Users\Andrei C\source\repos\ChartVisualiser\ChartVisualiser\GUI\ChartDrawing.cpp(37,66): warning C4244:         ]
C:\Users\Andrei C\source\repos\ChartVisualiser\ChartVisualiser\GUI\ChartDrawing.cpp(37,50): warning C4244: 'argument': conversion from 'int' to 'T', possible loss of data
C:\Users\Andrei C\source\repos\ChartVisualiser\ChartVisualiser\GUI\ChartDrawing.cpp(37,50): warning C4244:         with
C:\Users\Andrei C\source\repos\ChartVisualiser\ChartVisualiser\GUI\ChartDrawing.cpp(37,50): warning C4244:         [
C:\Users\Andrei C\source\repos\ChartVisualiser\ChartVisualiser\GUI\ChartDrawing.cpp(37,50): warning C4244:             T=float
C:\Users\Andrei C\source\repos\ChartVisualiser\ChartVisualiser\GUI\ChartDrawing.cpp(37,50): warning C4244:         ]
C:\Users\Andrei C\source\repos\ChartVisualiser\ChartVisualiser\GUI\ChartDrawing.cpp(58,34): warning C4244: 'argument': conversion from 'int' to 'T', possible loss of data
C:\Users\Andrei C\source\repos\ChartVisualiser\ChartVisualiser\GUI\ChartDrawing.cpp(58,34): warning C4244:         with
C:\Users\Andrei C\source\repos\ChartVisualiser\ChartVisualiser\GUI\ChartDrawing.cpp(58,34): warning C4244:         [
C:\Users\Andrei C\source\repos\ChartVisualiser\ChartVisualiser\GUI\ChartDrawing.cpp(58,34): warning C4244:             T=float
C:\Users\Andrei C\source\repos\ChartVisualiser\ChartVisualiser\GUI\ChartDrawing.cpp(58,34): warning C4244:         ]
C:\Users\Andrei C\source\repos\ChartVisualiser\ChartVisualiser\GUI\ChartDrawing.cpp(58,29): warning C4244: 'argument': conversion from 'int' to 'T', possible loss of data
C:\Users\Andrei C\source\repos\ChartVisualiser\ChartVisualiser\GUI\ChartDrawing.cpp(58,29): warning C4244:         with
C:\Users\Andrei C\source\repos\ChartVisualiser\ChartVisualiser\GUI\ChartDrawing.cpp(58,29): warning C4244:         [
C:\Users\Andrei C\source\repos\ChartVisualiser\ChartVisualiser\GUI\ChartDrawing.cpp(58,29): warning C4244:             T=float
C:\Users\Andrei C\source\repos\ChartVisualiser\ChartVisualiser\GUI\ChartDrawing.cpp(58,29): warning C4244:         ]
C:\Users\Andrei C\source\repos\ChartVisualiser\ChartVisualiser\GUI\ChartDrawing.cpp(59,34): warning C4244: 'argument': conversion from 'int' to 'T', possible loss of data
C:\Users\Andrei C\source\repos\ChartVisualiser\ChartVisualiser\GUI\ChartDrawing.cpp(59,34): warning C4244:         with
C:\Users\Andrei C\source\repos\ChartVisualiser\ChartVisualiser\GUI\ChartDrawing.cpp(59,34): warning C4244:         [
C:\Users\Andrei C\source\repos\ChartVisualiser\ChartVisualiser\GUI\ChartDrawing.cpp(59,34): warning C4244:             T=float
C:\Users\Andrei C\source\repos\ChartVisualiser\ChartVisualiser\GUI\ChartDrawing.cpp(59,34): warning C4244:         ]
C:\Users\Andrei C\source\repos\ChartVisualiser\ChartVisualiser\GUI\ChartDrawing.cpp(59,29): warning C4244: 'argument': conversion from 'int' to 'T', possible loss of data
C:\Users\Andrei C\source\repos\ChartVisualiser\ChartVisualiser\GUI\ChartDrawing.cpp(59,29): warning C4244:         with
C:\Users\Andrei C\source\repos\ChartVisualiser\ChartVisualiser\GUI\ChartDrawing.cpp(59,29): warning C4244:         [
C:\Users\Andrei C\source\repos\ChartVisualiser\ChartVisualiser\GUI\ChartDrawing.cpp(59,29): warning C4244:             T=float
C:\Users\Andrei C\source\repos\ChartVisualiser\ChartVisualiser\GUI\ChartDrawing.cpp(59,29): warning C4244:         ]
C:\Users\Andrei C\source\repos\ChartVisualiser\ChartVisualiser\GUI\ChartDrawing.cpp(69,21): warning C4244: 'initializing': conversion from 'double' to 'float', possible loss of data
C:\Users\Andrei C\source\repos\ChartVisualiser\ChartVisualiser\GUI\ChartDrawing.cpp(79,56): warning C4244: 'initializing': conversion from 'double' to 'float', possible loss of data
C:\Users\Andrei C\source\repos\ChartVisualiser\ChartVisualiser\GUI\ChartDrawing.cpp(79,42): warning C4244: 'initializing': conversion from 'double' to 'const float', possible loss of data
C:\Users\Andrei C\source\repos\ChartVisualiser\ChartVisualiser\GUI\ChartDrawing.cpp(80,56): warning C4244: 'initializing': conversion from 'double' to 'float', possible loss of data
C:\Users\Andrei C\source\repos\ChartVisualiser\ChartVisualiser\GUI\ChartDrawing.cpp(80,42): warning C4244: 'initializing': conversion from 'double' to 'const float', possible loss of data
C:\Users\Andrei C\source\repos\ChartVisualiser\ChartVisualiser\GUI\ChartDrawing.cpp(101,43): warning C4244: 'argument': conversion from 'double' to 'T', possible loss of data
C:\Users\Andrei C\source\repos\ChartVisualiser\ChartVisualiser\GUI\ChartDrawing.cpp(101,43): warning C4244:         with
C:\Users\Andrei C\source\repos\ChartVisualiser\ChartVisualiser\GUI\ChartDrawing.cpp(101,43): warning C4244:         [
C:\Users\Andrei C\source\repos\ChartVisualiser\ChartVisualiser\GUI\ChartDrawing.cpp(101,43): warning C4244:             T=float
C:\Users\Andrei C\source\repos\ChartVisualiser\ChartVisualiser\GUI\ChartDrawing.cpp(101,43): warning C4244:         ]
C:\Users\Andrei C\source\repos\ChartVisualiser\ChartVisualiser\GUI\ChartDrawing.cpp(126,108): warning C4244: 'argument': conversion from 'T' to 'T', possible loss of data
C:\Users\Andrei C\source\repos\ChartVisualiser\ChartVisualiser\GUI\ChartDrawing.cpp(126,108): warning C4244:         with
C:\Users\Andrei C\source\repos\ChartVisualiser\ChartVisualiser\GUI\ChartDrawing.cpp(126,108): warning C4244:         [
C:\Users\Andrei C\source\repos\ChartVisualiser\ChartVisualiser\GUI\ChartDrawing.cpp(126,108): warning C4244:             T=int
C:\Users\Andrei C\source\repos\ChartVisualiser\ChartVisualiser\GUI\ChartDrawing.cpp(126,108): warning C4244:         ]
C:\Users\Andrei C\source\repos\ChartVisualiser\ChartVisualiser\GUI\ChartDrawing.cpp(126,108): warning C4244:         and
C:\Users\Andrei C\source\repos\ChartVisualiser\ChartVisualiser\GUI\ChartDrawing.cpp(126,108): warning C4244:         [
C:\Users\Andrei C\source\repos\ChartVisualiser\ChartVisualiser\GUI\ChartDrawing.cpp(126,108): warning C4244:             T=float
C:\Users\Andrei C\source\repos\ChartVisualiser\ChartVisualiser\GUI\ChartDrawing.cpp(126,108): warning C4244:         ]
C:\Users\Andrei C\source\repos\ChartVisualiser\ChartVisualiser\GUI\ChartDrawing.cpp(126,89): warning C4244: 'argument': conversion from 'T' to 'T', possible loss of data
C:\Users\Andrei C\source\repos\ChartVisualiser\ChartVisualiser\GUI\ChartDrawing.cpp(126,89): warning C4244:         with
C:\Users\Andrei C\source\repos\ChartVisualiser\ChartVisualiser\GUI\ChartDrawing.cpp(126,89): warning C4244:         [
C:\Users\Andrei C\source\repos\ChartVisualiser\ChartVisualiser\GUI\ChartDrawing.cpp(126,89): warning C4244:             T=int
C:\Users\Andrei C\source\repos\ChartVisualiser\ChartVisualiser\GUI\ChartDrawing.cpp(126,89): warning C4244:         ]
C:\Users\Andrei C\source\repos\ChartVisualiser\ChartVisualiser\GUI\ChartDrawing.cpp(126,89): warning C4244:         and
C:\Users\Andrei C\source\repos\ChartVisualiser\ChartVisualiser\GUI\ChartDrawing.cpp(126,89): warning C4244:         [
C:\Users\Andrei C\source\repos\ChartVisualiser\ChartVisualiser\GUI\ChartDrawing.cpp(126,89): warning C4244:             T=float
C:\Users\Andrei C\source\repos\ChartVisualiser\ChartVisualiser\GUI\ChartDrawing.cpp(126,89): warning C4244:         ]
C:\Users\Andrei C\source\repos\ChartVisualiser\ChartVisualiser\GUI\ChartDrawing.cpp(126,72): warning C4244: 'argument': conversion from 'T' to 'T', possible loss of data
C:\Users\Andrei C\source\repos\ChartVisualiser\ChartVisualiser\GUI\ChartDrawing.cpp(126,72): warning C4244:         with
C:\Users\Andrei C\source\repos\ChartVisualiser\ChartVisualiser\GUI\ChartDrawing.cpp(126,72): warning C4244:         [
C:\Users\Andrei C\source\repos\ChartVisualiser\ChartVisualiser\GUI\ChartDrawing.cpp(126,72): warning C4244:             T=int
C:\Users\Andrei C\source\repos\ChartVisualiser\ChartVisualiser\GUI\ChartDrawing.cpp(126,72): warning C4244:         ]
C:\Users\Andrei C\source\repos\ChartVisualiser\ChartVisualiser\GUI\ChartDrawing.cpp(126,72): warning C4244:         and
C:\Users\Andrei C\source\repos\ChartVisualiser\ChartVisualiser\GUI\ChartDrawing.cpp(126,72): warning C4244:         [
C:\Users\Andrei C\source\repos\ChartVisualiser\ChartVisualiser\GUI\ChartDrawing.cpp(126,72): warning C4244:             T=float
C:\Users\Andrei C\source\repos\ChartVisualiser\ChartVisualiser\GUI\ChartDrawing.cpp(126,72): warning C4244:         ]
C:\Users\Andrei C\source\repos\ChartVisualiser\ChartVisualiser\GUI\ChartDrawing.cpp(126,54): warning C4244: 'argument': conversion from 'T' to 'T', possible loss of data
C:\Users\Andrei C\source\repos\ChartVisualiser\ChartVisualiser\GUI\ChartDrawing.cpp(126,54): warning C4244:         with
C:\Users\Andrei C\source\repos\ChartVisualiser\ChartVisualiser\GUI\ChartDrawing.cpp(126,54): warning C4244:         [
C:\Users\Andrei C\source\repos\ChartVisualiser\ChartVisualiser\GUI\ChartDrawing.cpp(126,54): warning C4244:             T=int
C:\Users\Andrei C\source\repos\ChartVisualiser\ChartVisualiser\GUI\ChartDrawing.cpp(126,54): warning C4244:         ]
C:\Users\Andrei C\source\repos\ChartVisualiser\ChartVisualiser\GUI\ChartDrawing.cpp(126,54): warning C4244:         and
C:\Users\Andrei C\source\repos\ChartVisualiser\ChartVisualiser\GUI\ChartDrawing.cpp(126,54): warning C4244:         [
C:\Users\Andrei C\source\repos\ChartVisualiser\ChartVisualiser\GUI\ChartDrawing.cpp(126,54): warning C4244:             T=float
C:\Users\Andrei C\source\repos\ChartVisualiser\ChartVisualiser\GUI\ChartDrawing.cpp(126,54): warning C4244:         ]
C:\Users\Andrei C\source\repos\ChartVisualiser\ChartVisualiser\GUI\ChartDrawing.cpp(150,47): warning C4244: 'argument': conversion from 'double' to 'int', possible loss of data
C:\Users\Andrei C\source\repos\ChartVisualiser\ChartVisualiser\GUI\ChartDrawing.cpp(150,27): warning C4244: 'argument': conversion from 'double' to 'int', possible loss of data
C:\Users\Andrei C\source\repos\ChartVisualiser\ChartVisualiser\GUI\ChartDrawing.cpp(151,49): warning C4244: 'argument': conversion from 'double' to 'int', possible loss of data
C:\Users\Andrei C\source\repos\ChartVisualiser\ChartVisualiser\GUI\ChartDrawing.cpp(151,27): warning C4244: 'argument': conversion from 'double' to 'int', possible loss of data
C:\Users\Andrei C\source\repos\ChartVisualiser\ChartVisualiser\GUI\ChartDrawing.cpp(152,49): warning C4244: 'argument': conversion from 'double' to 'int', possible loss of data
C:\Users\Andrei C\source\repos\ChartVisualiser\ChartVisualiser\GUI\ChartDrawing.cpp(152,27): warning C4244: 'argument': conversion from 'double' to 'int', possible loss of data
C:\Users\Andrei C\source\repos\ChartVisualiser\ChartVisualiser\GUI\ChartDrawing.cpp(180,17): warning C4244: 'initializing': conversion from 'double' to 'int', possible loss of data
C:\Users\Andrei C\source\repos\ChartVisualiser\ChartVisualiser\GUI\ChartDrawing.cpp(183,23): warning C4244: 'initializing': conversion from 'double' to 'float', possible loss of data
C:\Users\Andrei C\source\repos\ChartVisualiser\ChartVisualiser\GUI\ChartDrawing.cpp(196,49): warning C4244: 'argument': conversion from 'double' to 'float', possible loss of data
C:\Users\Andrei C\source\repos\ChartVisualiser\ChartVisualiser\GUI\ChartDrawing.cpp(196,36): warning C4244: 'argument': conversion from 'double' to 'float', possible loss of data
C:\Users\Andrei C\source\repos\ChartVisualiser\ChartVisualiser\GUI\ChartDrawing.cpp(200,79): warning C4244: 'argument': conversion from 'double' to 'int', possible loss of data
C:\Users\Andrei C\source\repos\ChartVisualiser\ChartVisualiser\GUI\ChartDrawing.cpp(200,62): warning C4244: 'argument': conversion from 'double' to 'int', possible loss of data
C:\Users\Andrei C\source\repos\ChartVisualiser\ChartVisualiser\GUI\ChartDrawing.cpp(200,54): warning C4244: 'argument': conversion from 'double' to 'int', possible loss of data
C:\Users\Andrei C\source\repos\ChartVisualiser\ChartVisualiser\GUI\ChartDrawing.cpp(200,37): warning C4244: 'argument': conversion from 'double' to 'int', possible loss of data
C:\Users\Andrei C\source\repos\ChartVisualiser\ChartVisualiser\GUI\ChartDrawing.cpp(202,24): warning C4244: '+=': conversion from 'const double' to 'float', possible loss of data
C:\Users\Andrei C\source\repos\ChartVisualiser\ChartVisualiser\GUI\ChartDrawing.cpp(209,41): warning C4244: 'argument': conversion from 'int' to 'T', possible loss of data
C:\Users\Andrei C\source\repos\ChartVisualiser\ChartVisualiser\GUI\ChartDrawing.cpp(209,41): warning C4244:         with
C:\Users\Andrei C\source\repos\ChartVisualiser\ChartVisualiser\GUI\ChartDrawing.cpp(209,41): warning C4244:         [
C:\Users\Andrei C\source\repos\ChartVisualiser\ChartVisualiser\GUI\ChartDrawing.cpp(209,41): warning C4244:             T=float
C:\Users\Andrei C\source\repos\ChartVisualiser\ChartVisualiser\GUI\ChartDrawing.cpp(209,41): warning C4244:         ]
C:\Users\Andrei C\source\repos\ChartVisualiser\ChartVisualiser\GUI\ChartDrawing.cpp(209,37): warning C4244: 'argument': conversion from 'int' to 'T', possible loss of data
C:\Users\Andrei C\source\repos\ChartVisualiser\ChartVisualiser\GUI\ChartDrawing.cpp(209,37): warning C4244:         with
C:\Users\Andrei C\source\repos\ChartVisualiser\ChartVisualiser\GUI\ChartDrawing.cpp(209,37): warning C4244:         [
C:\Users\Andrei C\source\repos\ChartVisualiser\ChartVisualiser\GUI\ChartDrawing.cpp(209,37): warning C4244:             T=float
C:\Users\Andrei C\source\repos\ChartVisualiser\ChartVisualiser\GUI\ChartDrawing.cpp(209,37): warning C4244:         ]
C:\Users\Andrei C\source\repos\ChartVisualiser\ChartVisualiser\GUI\ChartDrawing.cpp(210,42): warning C4244: 'argument': conversion from 'int' to 'T', possible loss of data
C:\Users\Andrei C\source\repos\ChartVisualiser\ChartVisualiser\GUI\ChartDrawing.cpp(210,42): warning C4244:         with
C:\Users\Andrei C\source\repos\ChartVisualiser\ChartVisualiser\GUI\ChartDrawing.cpp(210,42): warning C4244:         [
C:\Users\Andrei C\source\repos\ChartVisualiser\ChartVisualiser\GUI\ChartDrawing.cpp(210,42): warning C4244:             T=float
C:\Users\Andrei C\source\repos\ChartVisualiser\ChartVisualiser\GUI\ChartDrawing.cpp(210,42): warning C4244:         ]
C:\Users\Andrei C\source\repos\ChartVisualiser\ChartVisualiser\GUI\ChartDrawing.cpp(210,37): warning C4244: 'argument': conversion from 'int' to 'T', possible loss of data
C:\Users\Andrei C\source\repos\ChartVisualiser\ChartVisualiser\GUI\ChartDrawing.cpp(210,37): warning C4244:         with
C:\Users\Andrei C\source\repos\ChartVisualiser\ChartVisualiser\GUI\ChartDrawing.cpp(210,37): warning C4244:         [
C:\Users\Andrei C\source\repos\ChartVisualiser\ChartVisualiser\GUI\ChartDrawing.cpp(210,37): warning C4244:             T=float
C:\Users\Andrei C\source\repos\ChartVisualiser\ChartVisualiser\GUI\ChartDrawing.cpp(210,37): warning C4244:         ]
C:\Users\Andrei C\source\repos\ChartVisualiser\ChartVisualiser\GUI\ChartDrawing.cpp(217,77): warning C4244: 'argument': conversion from 'double' to 'int', possible loss of data
C:\Users\Andrei C\source\repos\ChartVisualiser\ChartVisualiser\GUI\ChartDrawing.cpp(217,36): warning C4244: 'argument': conversion from 'double' to 'int', possible loss of data
C:\Users\Andrei C\source\repos\ChartVisualiser\ChartVisualiser\GUI\ChartDrawing.cpp(218,117): warning C4244: 'argument': conversion from 'double' to 'int', possible loss of data
C:\Users\Andrei C\source\repos\ChartVisualiser\ChartVisualiser\GUI\ChartDrawing.cpp(218,56): warning C4244: 'argument': conversion from 'double' to 'int', possible loss of data
C:\Users\Andrei C\source\repos\ChartVisualiser\ChartVisualiser\GUI\ChartDrawing.cpp(219,117): warning C4244: 'argument': conversion from 'double' to 'int', possible loss of data
C:\Users\Andrei C\source\repos\ChartVisualiser\ChartVisualiser\GUI\ChartDrawing.cpp(219,56): warning C4244: 'argument': conversion from 'double' to 'int', possible loss of data
C:\Users\Andrei C\source\repos\ChartVisualiser\ChartVisualiser\GUI\ChartDrawing.cpp(245,17): warning C4244: 'initializing': conversion from 'double' to 'int', possible loss of data
C:\Users\Andrei C\source\repos\ChartVisualiser\ChartVisualiser\GUI\ChartDrawing.cpp(252,20): warning C4244: 'initializing': conversion from 'double' to 'int', possible loss of data
C:\Users\Andrei C\source\repos\ChartVisualiser\ChartVisualiser\GUI\ChartDrawing.cpp(253,20): warning C4244: 'initializing': conversion from 'double' to 'int', possible loss of data
C:\Users\Andrei C\source\repos\ChartVisualiser\ChartVisualiser\GUI\ChartDrawing.cpp(256,41): warning C4244: 'argument': conversion from 'double' to 'float', possible loss of data
C:\Users\Andrei C\source\repos\ChartVisualiser\ChartVisualiser\GUI\ChartDrawing.cpp(259,42): warning C4244: 'argument': conversion from 'double' to 'float', possible loss of data
C:\Users\Andrei C\source\repos\ChartVisualiser\ChartVisualiser\GUI\ChartDrawing.cpp(259,34): warning C4244: 'argument': conversion from 'double' to 'float', possible loss of data
C:\Users\Andrei C\source\repos\ChartVisualiser\ChartVisualiser\GUI\ChartDrawing.cpp(263,59): warning C4244: 'argument': conversion from 'double' to 'int', possible loss of data
C:\Users\Andrei C\source\repos\ChartVisualiser\ChartVisualiser\GUI\ChartDrawing.cpp(263,51): warning C4244: 'argument': conversion from 'double' to 'int', possible loss of data
C:\Users\Andrei C\source\repos\ChartVisualiser\ChartVisualiser\GUI\ChartDrawing.cpp(263,34): warning C4244: 'argument': conversion from 'double' to 'int', possible loss of data
C:\Users\Andrei C\source\repos\ChartVisualiser\ChartVisualiser\GUI\ChartDrawing.cpp(263,26): warning C4244: 'argument': conversion from 'double' to 'int', possible loss of data
C:\Users\Andrei C\source\repos\ChartVisualiser\ChartVisualiser\GUI\ChartDrawing.cpp(277,33): warning C4244: 'argument': conversion from 'const int32_t' to 'float', possible loss of data
  FunctionDetailsPage.cpp
C:\Users\Andrei C\source\repos\ChartVisualiser\ChartVisualiser\GUI\FunctionDetailsPage.cpp(30,47): warning C4267: '=': conversion from 'size_t' to 'int32_t', possible loss of data
C:\Users\Andrei C\source\repos\ChartVisualiser\ChartVisualiser\GUI\FunctionDetailsPage.cpp(57,48): warning C4244: 'argument': conversion from 'int' to 'T', possible loss of data
C:\Users\Andrei C\source\repos\ChartVisualiser\ChartVisualiser\GUI\FunctionDetailsPage.cpp(57,48): warning C4244:         with
C:\Users\Andrei C\source\repos\ChartVisualiser\ChartVisualiser\GUI\FunctionDetailsPage.cpp(57,48): warning C4244:         [
C:\Users\Andrei C\source\repos\ChartVisualiser\ChartVisualiser\GUI\FunctionDetailsPage.cpp(57,48): warning C4244:             T=float
C:\Users\Andrei C\source\repos\ChartVisualiser\ChartVisualiser\GUI\FunctionDetailsPage.cpp(57,48): warning C4244:         ]
C:\Users\Andrei C\source\repos\ChartVisualiser\ChartVisualiser\GUI\FunctionDetailsPage.cpp(57,40): warning C4244: 'argument': conversion from 'int' to 'T', possible loss of data
C:\Users\Andrei C\source\repos\ChartVisualiser\ChartVisualiser\GUI\FunctionDetailsPage.cpp(57,40): warning C4244:         with
C:\Users\Andrei C\source\repos\ChartVisualiser\ChartVisualiser\GUI\FunctionDetailsPage.cpp(57,40): warning C4244:         [
C:\Users\Andrei C\source\repos\ChartVisualiser\ChartVisualiser\GUI\FunctionDetailsPage.cpp(57,40): warning C4244:             T=float
C:\Users\Andrei C\source\repos\ChartVisualiser\ChartVisualiser\GUI\FunctionDetailsPage.cpp(57,40): warning C4244:         ]
C:\Users\Andrei C\source\repos\ChartVisualiser\ChartVisualiser\GUI\FunctionDetailsPage.cpp(65,86): warning C4244: 'argument': conversion from 'T' to 'T', possible loss of data
C:\Users\Andrei C\source\repos\ChartVisualiser\ChartVisualiser\GUI\FunctionDetailsPage.cpp(65,86): warning C4244:         with
C:\Users\Andrei C\source\repos\ChartVisualiser\ChartVisualiser\GUI\FunctionDetailsPage.cpp(65,86): warning C4244:         [
C:\Users\Andrei C\source\repos\ChartVisualiser\ChartVisualiser\GUI\FunctionDetailsPage.cpp(65,86): warning C4244:             T=float
C:\Users\Andrei C\source\repos\ChartVisualiser\ChartVisualiser\GUI\FunctionDetailsPage.cpp(65,86): warning C4244:         ]
C:\Users\Andrei C\source\repos\ChartVisualiser\ChartVisualiser\GUI\FunctionDetailsPage.cpp(65,86): warning C4244:         and
C:\Users\Andrei C\source\repos\ChartVisualiser\ChartVisualiser\GUI\FunctionDetailsPage.cpp(65,86): warning C4244:         [
C:\Users\Andrei C\source\repos\ChartVisualiser\ChartVisualiser\GUI\FunctionDetailsPage.cpp(65,86): warning C4244:             T=int
C:\Users\Andrei C\source\repos\ChartVisualiser\ChartVisualiser\GUI\FunctionDetailsPage.cpp(65,86): warning C4244:         ]
C:\Users\Andrei C\source\repos\ChartVisualiser\ChartVisualiser\GUI\FunctionDetailsPage.cpp(64,61): warning C4244: 'argument': conversion from 'T' to 'T', possible loss of data
C:\Users\Andrei C\source\repos\ChartVisualiser\ChartVisualiser\GUI\FunctionDetailsPage.cpp(64,61): warning C4244:         with
C:\Users\Andrei C\source\repos\ChartVisualiser\ChartVisualiser\GUI\FunctionDetailsPage.cpp(64,61): warning C4244:         [
C:\Users\Andrei C\source\repos\ChartVisualiser\ChartVisualiser\GUI\FunctionDetailsPage.cpp(64,61): warning C4244:             T=float
C:\Users\Andrei C\source\repos\ChartVisualiser\ChartVisualiser\GUI\FunctionDetailsPage.cpp(64,61): warning C4244:         ]
C:\Users\Andrei C\source\repos\ChartVisualiser\ChartVisualiser\GUI\FunctionDetailsPage.cpp(64,61): warning C4244:         and
C:\Users\Andrei C\source\repos\ChartVisualiser\ChartVisualiser\GUI\FunctionDetailsPage.cpp(64,61): warning C4244:         [
C:\Users\Andrei C\source\repos\ChartVisualiser\ChartVisualiser\GUI\FunctionDetailsPage.cpp(64,61): warning C4244:             T=int
C:\Users\Andrei C\source\repos\ChartVisualiser\ChartVisualiser\GUI\FunctionDetailsPage.cpp(64,61): warning C4244:         ]
C:\Users\Andrei C\source\repos\ChartVisualiser\ChartVisualiser\GUI\FunctionDetailsPage.cpp(142,34): warning C4244: '+=': conversion from 'float' to 'int', possible loss of data
C:\Users\Andrei C\source\repos\ChartVisualiser\ChartVisualiser\GUI\FunctionDetailsPage.cpp(147,47): warning C4244: 'argument': conversion from 'int' to 'T', possible loss of data
C:\Users\Andrei C\source\repos\ChartVisualiser\ChartVisualiser\GUI\FunctionDetailsPage.cpp(147,47): warning C4244:         with
C:\Users\Andrei C\source\repos\ChartVisualiser\ChartVisualiser\GUI\FunctionDetailsPage.cpp(147,47): warning C4244:         [
C:\Users\Andrei C\source\repos\ChartVisualiser\ChartVisualiser\GUI\FunctionDetailsPage.cpp(147,47): warning C4244:             T=float
C:\Users\Andrei C\source\repos\ChartVisualiser\ChartVisualiser\GUI\FunctionDetailsPage.cpp(147,47): warning C4244:         ]
C:\Users\Andrei C\source\repos\ChartVisualiser\ChartVisualiser\GUI\FunctionDetailsPage.cpp(147,39): warning C4244: 'argument': conversion from 'int' to 'T', possible loss of data
C:\Users\Andrei C\source\repos\ChartVisualiser\ChartVisualiser\GUI\FunctionDetailsPage.cpp(147,39): warning C4244:         with
C:\Users\Andrei C\source\repos\ChartVisualiser\ChartVisualiser\GUI\FunctionDetailsPage.cpp(147,39): warning C4244:         [
C:\Users\Andrei C\source\repos\ChartVisualiser\ChartVisualiser\GUI\FunctionDetailsPage.cpp(147,39): warning C4244:             T=float
C:\Users\Andrei C\source\repos\ChartVisualiser\ChartVisualiser\GUI\FunctionDetailsPage.cpp(147,39): warning C4244:         ]
C:\Users\Andrei C\source\repos\ChartVisualiser\ChartVisualiser\GUI\FunctionDetailsPage.cpp(149,34): warning C4244: '+=': conversion from 'float' to 'int', possible loss of data
C:\Users\Andrei C\source\repos\ChartVisualiser\ChartVisualiser\GUI\FunctionDetailsPage.cpp(160,73): warning C4244: 'argument': conversion from 'int' to 'T', possible loss of data
C:\Users\Andrei C\source\repos\ChartVisualiser\ChartVisualiser\GUI\FunctionDetailsPage.cpp(160,73): warning C4244:         with
C:\Users\Andrei C\source\repos\ChartVisualiser\ChartVisualiser\GUI\FunctionDetailsPage.cpp(160,73): warning C4244:         [
C:\Users\Andrei C\source\repos\ChartVisualiser\ChartVisualiser\GUI\FunctionDetailsPage.cpp(160,73): warning C4244:             T=float
C:\Users\Andrei C\source\repos\ChartVisualiser\ChartVisualiser\GUI\FunctionDetailsPage.cpp(160,73): warning C4244:         ]
C:\Users\Andrei C\source\repos\ChartVisualiser\ChartVisualiser\GUI\FunctionDetailsPage.cpp(160,64): warning C4244: 'argument': conversion from 'int' to 'T', possible loss of data
C:\Users\Andrei C\source\repos\ChartVisualiser\ChartVisualiser\GUI\FunctionDetailsPage.cpp(160,64): warning C4244:         with
C:\Users\Andrei C\source\repos\ChartVisualiser\ChartVisualiser\GUI\FunctionDetailsPage.cpp(160,64): warning C4244:         [
C:\Users\Andrei C\source\repos\ChartVisualiser\ChartVisualiser\GUI\FunctionDetailsPage.cpp(160,64): warning C4244:             T=float
C:\Users\Andrei C\source\repos\ChartVisualiser\ChartVisualiser\GUI\FunctionDetailsPage.cpp(160,64): warning C4244:         ]
C:\Users\Andrei C\source\repos\ChartVisualiser\ChartVisualiser\GUI\FunctionDetailsPage.cpp(166,63): warning C4244: 'argument': conversion from 'int' to 'T', possible loss of data
C:\Users\Andrei C\source\repos\ChartVisualiser\ChartVisualiser\GUI\FunctionDetailsPage.cpp(166,63): warning C4244:         with
C:\Users\Andrei C\source\repos\ChartVisualiser\ChartVisualiser\GUI\FunctionDetailsPage.cpp(166,63): warning C4244:         [
C:\Users\Andrei C\source\repos\ChartVisualiser\ChartVisualiser\GUI\FunctionDetailsPage.cpp(166,63): warning C4244:             T=float
C:\Users\Andrei C\source\repos\ChartVisualiser\ChartVisualiser\GUI\FunctionDetailsPage.cpp(166,63): warning C4244:         ]
C:\Users\Andrei C\source\repos\ChartVisualiser\ChartVisualiser\GUI\FunctionDetailsPage.cpp(166,58): warning C4244: 'argument': conversion from 'int' to 'T', possible loss of data
C:\Users\Andrei C\source\repos\ChartVisualiser\ChartVisualiser\GUI\FunctionDetailsPage.cpp(166,58): warning C4244:         with
C:\Users\Andrei C\source\repos\ChartVisualiser\ChartVisualiser\GUI\FunctionDetailsPage.cpp(166,58): warning C4244:         [
C:\Users\Andrei C\source\repos\ChartVisualiser\ChartVisualiser\GUI\FunctionDetailsPage.cpp(166,58): warning C4244:             T=float
C:\Users\Andrei C\source\repos\ChartVisualiser\ChartVisualiser\GUI\FunctionDetailsPage.cpp(166,58): warning C4244:         ]
C:\Users\Andrei C\source\repos\ChartVisualiser\ChartVisualiser\GUI\FunctionDetailsPage.cpp(167,55): warning C4244: 'argument': conversion from 'int32_t' to 'T', possible loss of data
C:\Users\Andrei C\source\repos\ChartVisualiser\ChartVisualiser\GUI\FunctionDetailsPage.cpp(167,55): warning C4244:         with
C:\Users\Andrei C\source\repos\ChartVisualiser\ChartVisualiser\GUI\FunctionDetailsPage.cpp(167,55): warning C4244:         [
C:\Users\Andrei C\source\repos\ChartVisualiser\ChartVisualiser\GUI\FunctionDetailsPage.cpp(167,55): warning C4244:             T=float
C:\Users\Andrei C\source\repos\ChartVisualiser\ChartVisualiser\GUI\FunctionDetailsPage.cpp(167,55): warning C4244:         ]
C:\Users\Andrei C\source\repos\ChartVisualiser\ChartVisualiser\GUI\FunctionDetailsPage.cpp(218,17): warning C4267: 'initializing': conversion from 'size_t' to 'int32_t', possible loss of data
C:\Users\Andrei C\source\repos\ChartVisualiser\ChartVisualiser\GUI\FunctionDetailsPage.cpp(284,39): warning C4244: 'argument': conversion from 'T' to 'T', possible loss of data
C:\Users\Andrei C\source\repos\ChartVisualiser\ChartVisualiser\GUI\FunctionDetailsPage.cpp(284,39): warning C4244:         with
C:\Users\Andrei C\source\repos\ChartVisualiser\ChartVisualiser\GUI\FunctionDetailsPage.cpp(284,39): warning C4244:         [
C:\Users\Andrei C\source\repos\ChartVisualiser\ChartVisualiser\GUI\FunctionDetailsPage.cpp(284,39): warning C4244:             T=int
C:\Users\Andrei C\source\repos\ChartVisualiser\ChartVisualiser\GUI\FunctionDetailsPage.cpp(284,39): warning C4244:         ]
C:\Users\Andrei C\source\repos\ChartVisualiser\ChartVisualiser\GUI\FunctionDetailsPage.cpp(284,39): warning C4244:         and
C:\Users\Andrei C\source\repos\ChartVisualiser\ChartVisualiser\GUI\FunctionDetailsPage.cpp(284,39): warning C4244:         [
C:\Users\Andrei C\source\repos\ChartVisualiser\ChartVisualiser\GUI\FunctionDetailsPage.cpp(284,39): warning C4244:             T=float
C:\Users\Andrei C\source\repos\ChartVisualiser\ChartVisualiser\GUI\FunctionDetailsPage.cpp(284,39): warning C4244:         ]
  Generating Code...
C:\Users\Andrei C\source\repos\ChartVisualiser\ChartVisualiser\GUI\ChartDrawing.cpp(233,1): warning C4723: potential divide by 0
  ChartVisualiser.vcxproj -> C:\Users\Andrei C\source\repos\ChartVisualiser\x64\Debug\ChartVisualiser.exe
  'pwsh.exe' is not recognized as an internal or external command,
  operable program or batch file.
